<?xml version="1.0" encoding="utf-8"?><testsuites name="pytest tests"><testsuite name="pytest" errors="0" failures="0" skipped="0" tests="18" time="3.887" timestamp="2026-06-17T22:24:43.104741+00:00" hostname="agent-env-4daf0a8a-4486-4c27-96d9-9322a56c8a58"><testcase classname="backend.tests.test_accounting.TestCashFlow" name="test_balance_admin" time="0.651" /><testcase classname="backend.tests.test_accounting.TestCashFlow" name="test_balance_forbidden_for_client" time="0.468" /><testcase classname="backend.tests.test_accounting.TestCashFlow" name="test_cash_in_increases_balance" time="0.324" /><testcase classname="backend.tests.test_accounting.TestCashFlow" name="test_cash_out_decreases_balance" time="0.336" /><testcase classname="backend.tests.test_accounting.TestCashFlow" name="test_cash_out_insufficient_balance_returns_400" time="0.107" /><testcase classname="backend.tests.test_accounting.TestCashFlow" name="test_cash_in_forbidden_for_client" time="0.115" /><testcase classname="backend.tests.test_accounting.TestTransactions" name="test_create_transaction_income_eur" time="0.110" /><testcase classname="backend.tests.test_accounting.TestTransactions" name="test_create_transaction_mad_conversion" time="0.126" /><testcase classname="backend.tests.test_accounting.TestTransactions" name="test_create_invalid_type" time="0.120" /><testcase classname="backend.tests.test_accounting.TestTransactions" name="test_create_short_description" time="0.103" /><testcase classname="backend.tests.test_accounting.TestTransactions" name="test_list_transactions_with_filter" time="0.121" /><testcase classname="backend.tests.test_accounting.TestTransactions" name="test_list_transactions_forbidden_for_client" time="0.136" /><testcase classname="backend.tests.test_accounting.TestTransactions" name="test_summary_structure" time="0.115" /><testcase classname="backend.tests.test_accounting.TestPayroll" name="test_payroll_admin" time="0.104" /><testcase classname="backend.tests.test_accounting.TestPayroll" name="test_payroll_forbidden_for_client" time="0.103" /><testcase classname="backend.tests.test_accounting.TestExport" name="test_export_admin" time="0.106" /><testcase classname="backend.tests.test_accounting.TestExport" name="test_export_forbidden_for_client" time="0.106" /><testcase classname="backend.tests.test_accounting" name="test_zz_cleanup_test_data" time="0.503" /></testsuite></testsuites>