<?xml version="1.0" encoding="utf-8"?><testsuites name="pytest tests"><testsuite name="pytest" errors="0" failures="0" skipped="0" tests="23" time="5.448" timestamp="2026-06-17T22:40:44.389843+00:00" hostname="agent-env-4daf0a8a-4486-4c27-96d9-9322a56c8a58"><testcase classname="backend.tests.test_accounting.TestCashFlow" name="test_balance_admin" time="0.630" /><testcase classname="backend.tests.test_accounting.TestCashFlow" name="test_balance_forbidden_for_client" time="0.472" /><testcase classname="backend.tests.test_accounting.TestCashFlow" name="test_cash_in_increases_balance" time="0.379" /><testcase classname="backend.tests.test_accounting.TestCashFlow" name="test_cash_out_decreases_balance" time="0.795" /><testcase classname="backend.tests.test_accounting.TestCashFlow" name="test_cash_out_insufficient_balance_returns_400" time="0.114" /><testcase classname="backend.tests.test_accounting.TestCashFlow" name="test_cash_in_forbidden_for_client" time="0.140" /><testcase classname="backend.tests.test_accounting.TestTransactions" name="test_create_transaction_income_eur" time="0.107" /><testcase classname="backend.tests.test_accounting.TestTransactions" name="test_create_transaction_mad_conversion" time="0.136" /><testcase classname="backend.tests.test_accounting.TestTransactions" name="test_create_invalid_type" time="0.111" /><testcase classname="backend.tests.test_accounting.TestTransactions" name="test_create_short_description" time="0.116" /><testcase classname="backend.tests.test_accounting.TestTransactions" name="test_list_transactions_with_filter" time="0.108" /><testcase classname="backend.tests.test_accounting.TestTransactions" name="test_list_transactions_forbidden_for_client" time="0.125" /><testcase classname="backend.tests.test_accounting.TestTransactions" name="test_summary_structure" time="0.134" /><testcase classname="backend.tests.test_accounting.TestPayroll" name="test_payroll_admin" time="0.098" /><testcase classname="backend.tests.test_accounting.TestPayroll" name="test_payroll_forbidden_for_client" time="0.113" /><testcase classname="backend.tests.test_accounting.TestPayrollPay" name="test_aa_find_pending_courier" time="0.108" /><testcase classname="backend.tests.test_accounting.TestPayrollPay" name="test_ab_pay_forbidden_for_client" time="0.101" /><testcase classname="backend.tests.test_accounting.TestPayrollPay" name="test_ac_pay_courier_without_earnings_returns_400" time="0.109" /><testcase classname="backend.tests.test_accounting.TestPayrollPay" name="test_ad_pay_success_creates_payout_txn_and_does_not_touch_cash" time="0.602" /><testcase classname="backend.tests.test_accounting.TestPayrollPay" name="test_ae_repay_same_period_returns_400" time="0.106" /><testcase classname="backend.tests.test_accounting.TestExport" name="test_export_admin" time="0.108" /><testcase classname="backend.tests.test_accounting.TestExport" name="test_export_forbidden_for_client" time="0.104" /><testcase classname="backend.tests.test_accounting" name="test_zz_cleanup_test_data" time="0.485" /></testsuite></testsuites>