<?xml version="1.0" encoding="utf-8"?><testsuites name="pytest tests"><testsuite name="pytest" errors="0" failures="0" skipped="0" tests="5" time="2.762" timestamp="2026-06-13T02:36:49.136184+00:00" hostname="agent-env-4daf0a8a-4486-4c27-96d9-9322a56c8a58"><testcase classname="backend.tests.test_admin_portal.TestAdminPortalLogin" name="test_admin_login_success" time="0.416" /><testcase classname="backend.tests.test_admin_portal.TestAdminPortalLogin" name="test_admin_login_wrong_secret" time="0.274" /><testcase classname="backend.tests.test_admin_portal.TestAdminPortalLogin" name="test_admin_login_wrong_password" time="0.274" /><testcase classname="backend.tests.test_admin_portal.TestPublicLoginRejectsAdmin" name="test_admin_cannot_use_public_login" time="0.268" /><testcase classname="backend.tests.test_admin_portal.TestAdminBruteForceLockout" name="test_lockout_after_5_failed_attempts" time="1.475" /></testsuite></testsuites>