<?xml version="1.0" encoding="utf-8"?><testsuites name="pytest tests"><testsuite name="pytest" errors="0" failures="0" skipped="0" tests="10" time="2.626" timestamp="2026-06-13T03:20:59.059484+00:00" hostname="agent-env-4daf0a8a-4486-4c27-96d9-9322a56c8a58"><testcase classname="backend.tests.test_assignment_history.TestAssignmentHistoryEndpoint" name="test_history_admin_ok_sorted_newest_first" time="0.468" /><testcase classname="backend.tests.test_assignment_history.TestAssignmentHistoryEndpoint" name="test_history_rejects_customer" time="0.321" /><testcase classname="backend.tests.test_assignment_history.TestAssignmentHistoryEndpoint" name="test_history_rejects_driver" time="0.341" /><testcase classname="backend.tests.test_assignment_history.TestAssignmentHistoryEndpoint" name="test_history_rejects_unauth" time="0.043" /><testcase classname="backend.tests.test_assignment_history.TestAutoReturnOnUnavailable" name="test_auto_return_flow" time="0.612" /><testcase classname="backend.tests.test_assignment_history.TestManualReturnToQueue" name="test_manual_return_success_logs_event" time="0.388" /><testcase classname="backend.tests.test_assignment_history.TestManualReturnToQueue" name="test_manual_return_400_if_no_driver" time="0.172" /><testcase classname="backend.tests.test_assignment_history.TestManualReturnToQueue" name="test_manual_return_404_unknown_order" time="0.078" /><testcase classname="backend.tests.test_assignment_history.TestManualReturnToQueue" name="test_manual_return_403_customer" time="0.044" /><testcase classname="backend.tests.test_assignment_history.TestManualReturnToQueue" name="test_manual_return_403_driver" time="0.083" /></testsuite></testsuites>