<?xml version="1.0" encoding="utf-8"?><testsuites name="pytest tests"><testsuite name="pytest" errors="0" failures="0" skipped="0" tests="11" time="3.177" timestamp="2026-06-13T02:59:07.171545+00:00" hostname="agent-env-4daf0a8a-4486-4c27-96d9-9322a56c8a58"><testcase classname="backend.tests.test_assign_nearest.TestPendingOrders" name="test_admin_can_list_pending_orders" time="1.548" /><testcase classname="backend.tests.test_assign_nearest.TestPendingOrders" name="test_pending_orders_rejects_unauth" time="0.049" /><testcase classname="backend.tests.test_assign_nearest.TestPendingOrders" name="test_pending_orders_rejects_customer" time="0.385" /><testcase classname="backend.tests.test_assign_nearest.TestPendingOrders" name="test_pending_orders_rejects_driver" time="0.364" /><testcase classname="backend.tests.test_assign_nearest.TestDriversNearest" name="test_nearest_from_madrid_returns_abeja_madrid_first" time="0.095" /><testcase classname="backend.tests.test_assign_nearest.TestDriversNearest" name="test_nearest_sevilla_max_km_100" time="0.060" /><testcase classname="backend.tests.test_assign_nearest.TestDriversNearest" name="test_nearest_rejects_customer" time="0.046" /><testcase classname="backend.tests.test_assign_nearest.TestAssignNearest" name="test_assign_then_double_assign_returns_400" time="0.238" /><testcase classname="backend.tests.test_assign_nearest.TestAssignNearest" name="test_assign_nearest_rejects_customer" time="0.052" /><testcase classname="backend.tests.test_assign_nearest.TestAssignNearest" name="test_assign_nearest_rejects_driver" time="0.054" /><testcase classname="backend.tests.test_assign_nearest.TestAssignNearest" name="test_assign_nearest_404_for_missing_order" time="0.056" /></testsuite></testsuites>