<?xml version="1.0" encoding="utf-8"?><testsuites name="pytest tests"><testsuite name="pytest" errors="0" failures="0" skipped="0" tests="8" time="1.694" timestamp="2026-06-15T23:45:11.422356+00:00" hostname="agent-env-4daf0a8a-4486-4c27-96d9-9322a56c8a58"><testcase classname="backend.tests.test_atomic_assignment.TestAtomicAssignment" name="test_assign_nearest_marks_driver_busy_and_hides_from_nearest" time="0.708" /><testcase classname="backend.tests.test_atomic_assignment.TestAtomicAssignment" name="test_no_double_assignment_to_same_driver" time="0.127" /><testcase classname="backend.tests.test_atomic_assignment.TestAtomicAssignment" name="test_already_assigned_returns_400" time="0.123" /><testcase classname="backend.tests.test_atomic_assignment.TestAtomicAssignment" name="test_no_drivers_nearby_returns_404" time="0.062" /><testcase classname="backend.tests.test_atomic_assignment.TestDriverRelease" name="test_release_on_delivered" time="0.174" /><testcase classname="backend.tests.test_atomic_assignment.TestDriverRelease" name="test_release_on_cancelled" time="0.120" /><testcase classname="backend.tests.test_atomic_assignment.TestDriverRelease" name="test_return_to_queue_releases_driver_and_repends_order" time="0.160" /><testcase classname="backend.tests.test_atomic_assignment.TestDriverRelease" name="test_return_to_queue_400_when_no_driver" time="0.083" /></testsuite></testsuites>