<?xml version="1.0" encoding="utf-8"?><testsuites name="pytest tests"><testsuite name="pytest" errors="0" failures="0" skipped="0" tests="9" time="1.904" timestamp="2026-06-13T11:50:56.309856+00:00" hostname="agent-env-4daf0a8a-4486-4c27-96d9-9322a56c8a58"><testcase classname="backend.tests.test_cities_geofencing.TestCities" name="test_cities_returns_4_seeded" time="0.482" /><testcase classname="backend.tests.test_cities_geofencing.TestCities" name="test_cities_have_required_fields" time="0.000" /><testcase classname="backend.tests.test_cities_geofencing.TestCities" name="test_cities_no_mongo_id" time="0.000" /><testcase classname="backend.tests.test_cities_geofencing.TestCities" name="test_cities_requires_auth" time="0.105" /><testcase classname="backend.tests.test_cities_geofencing.TestOrderWithCity" name="test_create_order_resolves_city_name" time="0.112" /><testcase classname="backend.tests.test_cities_geofencing.TestOrderWithCity" name="test_create_order_without_city" time="0.107" /><testcase classname="backend.tests.test_cities_geofencing.TestGeofencingAvailableOrders" name="test_driver_near_tanger_sees_tanger_order" time="0.547" /><testcase classname="backend.tests.test_cities_geofencing.TestGeofencingAvailableOrders" name="test_driver_far_madrid_does_not_see_tanger_order" time="0.208" /><testcase classname="backend.tests.test_cities_geofencing.TestGeofencingAvailableOrders" name="test_driver_in_casablanca_does_not_see_tanger_order" time="0.217" /></testsuite></testsuites>