<?xml version="1.0" encoding="utf-8"?><testsuites name="pytest tests"><testsuite name="pytest" errors="0" failures="0" skipped="0" tests="7" time="2.660" timestamp="2026-06-16T21:13:31.364472+00:00" hostname="agent-env-4daf0a8a-4486-4c27-96d9-9322a56c8a58"><testcase classname="backend.tests.test_express_orders" name="test_express_requires_auth" time="0.277" /><testcase classname="backend.tests.test_express_orders" name="test_express_driver_forbidden" time="0.514" /><testcase classname="backend.tests.test_express_orders" name="test_express_business_forbidden" time="0.841" /><testcase classname="backend.tests.test_express_orders" name="test_express_customer_creates_order" time="0.551" /><testcase classname="backend.tests.test_express_orders" name="test_express_appears_in_customer_orders" time="0.136" /><testcase classname="backend.tests.test_express_orders" name="test_express_invalid_city_id_returns_null_city_name" time="0.097" /><testcase classname="backend.tests.test_express_orders" name="test_express_no_city_id" time="0.136" /></testsuite></testsuites>