<?xml version="1.0" encoding="utf-8"?><testsuites name="pytest tests"><testsuite name="pytest" errors="0" failures="0" skipped="0" tests="13" time="1.619" timestamp="2026-06-13T10:45:41.983053+00:00" hostname="agent-env-4daf0a8a-4486-4c27-96d9-9322a56c8a58"><testcase classname="backend.tests.test_finances.TestFinancesSummary" name="test_summary_default_rate" time="0.573" /><testcase classname="backend.tests.test_finances.TestFinancesSummary" name="test_summary_custom_rate" time="0.048" /><testcase classname="backend.tests.test_finances.TestFinancesSummary" name="test_summary_double_when_rate_doubles" time="0.092" /><testcase classname="backend.tests.test_finances.TestFinancesSummary" name="test_summary_date_filter_no_match" time="0.047" /><testcase classname="backend.tests.test_finances.TestFinancesSummary" name="test_summary_rejects_non_admin" time="0.317" /><testcase classname="backend.tests.test_finances.TestFinancesSummary" name="test_summary_rejects_anon" time="0.044" /><testcase classname="backend.tests.test_finances.TestDriverReport" name="test_per_driver_report" time="0.097" /><testcase classname="backend.tests.test_finances.TestDriverReport" name="test_per_driver_unknown_driver" time="0.046" /><testcase classname="backend.tests.test_finances.TestDriverReport" name="test_per_driver_rejects_non_admin" time="0.047" /><testcase classname="backend.tests.test_finances.TestFinancesExportCsv" name="test_csv_export_headers_and_total" time="0.048" /><testcase classname="backend.tests.test_finances.TestFinancesExportCsv" name="test_csv_export_rate_in_rows" time="0.046" /><testcase classname="backend.tests.test_finances.TestFinancesExportCsv" name="test_csv_export_rejects_non_admin" time="0.046" /><testcase classname="backend.tests.test_finances.TestDeliveredAtTracking" name="test_delivered_at_set_on_status_delivered" time="0.048" /></testsuite></testsuites>