<?xml version="1.0" encoding="utf-8"?><testsuites name="pytest tests"><testsuite name="pytest" errors="0" failures="0" skipped="0" tests="14" time="1.638" timestamp="2026-06-13T10:05:46.814435+00:00" hostname="agent-env-4daf0a8a-4486-4c27-96d9-9322a56c8a58"><testcase classname="backend.tests.test_history_filters_export.TestHistoryFilters" name="test_history_includes_drivers_array" time="0.554" /><testcase classname="backend.tests.test_history_filters_export.TestHistoryFilters" name="test_filter_by_action_assigned" time="0.045" /><testcase classname="backend.tests.test_history_filters_export.TestHistoryFilters" name="test_filter_by_action_auto_returned" time="0.045" /><testcase classname="backend.tests.test_history_filters_export.TestHistoryFilters" name="test_filter_by_action_returned" time="0.046" /><testcase classname="backend.tests.test_history_filters_export.TestHistoryFilters" name="test_filter_by_driver_id" time="0.089" /><testcase classname="backend.tests.test_history_filters_export.TestHistoryFilters" name="test_filter_by_date_range_future" time="0.046" /><testcase classname="backend.tests.test_history_filters_export.TestHistoryFilters" name="test_filter_by_date_range_wide" time="0.128" /><testcase classname="backend.tests.test_history_filters_export.TestHistoryFilters" name="test_history_rejects_customer" time="0.314" /><testcase classname="backend.tests.test_history_filters_export.TestHistoryFilters" name="test_history_rejects_anonymous" time="0.043" /><testcase classname="backend.tests.test_history_filters_export.TestHistoryExportCsv" name="test_export_returns_csv" time="0.045" /><testcase classname="backend.tests.test_history_filters_export.TestHistoryExportCsv" name="test_export_csv_columns" time="0.045" /><testcase classname="backend.tests.test_history_filters_export.TestHistoryExportCsv" name="test_export_filter_action_assigned" time="0.047" /><testcase classname="backend.tests.test_history_filters_export.TestHistoryExportCsv" name="test_export_rejects_customer" time="0.043" /><testcase classname="backend.tests.test_history_filters_export.TestHistoryExportCsv" name="test_export_rejects_anonymous" time="0.042" /></testsuite></testsuites>