<?xml version="1.0" encoding="utf-8"?><testsuites name="pytest tests"><testsuite name="pytest" errors="0" failures="0" skipped="0" tests="9" time="13.133" timestamp="2026-06-22T02:42:19.538415+00:00" hostname="agent-env-d35b2b25-2a44-400f-8d33-d0ce05ac738e"><testcase classname="backend.tests.test_kpis" name="test_kpis_contract" time="1.233" /><testcase classname="backend.tests.test_kpis" name="test_kpis_requires_admin" time="0.862" /><testcase classname="backend.tests.test_nubo_ride" name="test_estimate_returns_three_tiers" time="0.953" /><testcase classname="backend.tests.test_nubo_ride" name="test_full_ride_lifecycle" time="4.442" /><testcase classname="backend.tests.test_nubo_ride" name="test_request_requires_customer" time="0.216" /><testcase classname="backend.tests.test_nubo_ride" name="test_accept_requires_driver" time="0.209" /><testcase classname="backend.tests.test_nubo_ride" name="test_customer_cancel" time="1.276" /><testcase classname="backend.tests.test_nubo_ride" name="test_no_duplicate_active_ride" time="1.951" /><testcase classname="backend.tests.test_nubo_ride" name="test_admin_sees_active_rides" time="1.934" /></testsuite></testsuites>