<?xml version="1.0" encoding="utf-8"?><testsuites name="pytest tests"><testsuite name="pytest" errors="0" failures="0" skipped="1" tests="11" time="5.845" timestamp="2026-06-16T21:49:55.273486+00:00" hostname="agent-env-4daf0a8a-4486-4c27-96d9-9322a56c8a58"><testcase classname="backend.tests.test_nubo_iter19.TestAdminCities" name="test_customer_cannot_create_city" time="0.490" /><testcase classname="backend.tests.test_nubo_iter19.TestAdminCities" name="test_create_city_ok" time="0.549" /><testcase classname="backend.tests.test_nubo_iter19.TestAdminCities" name="test_create_duplicate_name_400" time="0.223" /><testcase classname="backend.tests.test_nubo_iter19.TestAdminCities" name="test_update_city" time="0.206" /><testcase classname="backend.tests.test_nubo_iter19.TestAdminCities" name="test_delete_city_with_active_order_400" time="0.328" /><testcase classname="backend.tests.test_nubo_iter19.TestAdminCities" name="test_delete_city_ok" time="0.344" /><testcase classname="backend.tests.test_nubo_iter19.TestAdminCities" name="test_zzz_cleanup" time="0.336" /><testcase classname="backend.tests.test_nubo_iter19.TestExpressCheckout" name="test_express_checkout_eur" time="0.770" /><testcase classname="backend.tests.test_nubo_iter19.TestExpressCheckout" name="test_express_checkout_mad" time="0.556" /><testcase classname="backend.tests.test_nubo_iter19.TestAutoAssignExpress" name="test_express_paid_assigned_to_nearby_driver" time="1.072"><skipped type="pytest.skip" message="No admin mark-paid endpoint to simulate Stripe webhook; skipping auto-assign verification">/app/backend/tests/test_nubo_iter19.py:287: No admin mark-paid endpoint to simulate Stripe webhook; skipping auto-assign verification</skipped></testcase><testcase classname="backend.tests.test_nubo_iter19.TestBusinessBank" name="test_create_business_with_iban_persists" time="0.898" /></testsuite></testsuites>