<?xml version="1.0" encoding="utf-8"?><testsuites name="pytest tests"><testsuite name="pytest" errors="0" failures="0" skipped="0" tests="8" time="5.058" timestamp="2026-06-20T15:56:46.700510+00:00" hostname="agent-env-d35b2b25-2a44-400f-8d33-d0ce05ac738e"><testcase classname="tests.test_customer_password_reset" name="test_forgot_password_customer_creates_token" time="2.860" /><testcase classname="tests.test_customer_password_reset" name="test_forgot_password_unknown_email_no_token" time="0.097" /><testcase classname="tests.test_customer_password_reset" name="test_reset_link_routes_by_role_in_source" time="0.000" /><testcase classname="tests.test_customer_password_reset" name="test_reset_password_customer_full_flow" time="1.320" /><testcase classname="tests.test_customer_password_reset" name="test_forgot_password_admin_regression" time="0.207" /><testcase classname="tests.test_customer_password_reset" name="test_customer_login_regression" time="0.278" /><testcase classname="tests.test_customer_password_reset" name="test_reset_invalid_token" time="0.043" /><testcase classname="tests.test_customer_password_reset" name="test_zz_cleanup" time="0.015" /></testsuite></testsuites>