<?xml version="1.0" encoding="utf-8"?><testsuites name="pytest tests"><testsuite name="pytest" errors="0" failures="0" skipped="0" tests="148" time="44.871" timestamp="2026-06-20T15:59:22.790000+00:00" hostname="agent-env-d35b2b25-2a44-400f-8d33-d0ce05ac738e"><testcase classname="tests.test_admin_separation_iter9.TestResetPasswordEndpoint" name="test_wrong_secret_403" time="0.183" /><testcase classname="tests.test_admin_separation_iter9.TestResetPasswordEndpoint" name="test_existing_user_success_created_false" time="0.303" /><testcase classname="tests.test_admin_separation_iter9.TestResetPasswordEndpoint" name="test_new_email_creates_admin" time="0.983" /><testcase classname="tests.test_admin_separation_iter9.TestAdminLogin" name="test_admin_login_success" time="0.418" /><testcase classname="tests.test_admin_separation_iter9.TestAdminLogin" name="test_admin_login_wrong_password" time="0.347" /><testcase classname="tests.test_admin_separation_iter9.TestStripeStatus" name="test_payments_status_test_mode" time="0.378" /><testcase classname="tests.test_admin_separation_iter9.TestCustomerRBAC" name="test_customer_login_role" time="0.655" /><testcase classname="tests.test_admin_separation_iter9.TestCustomerRBAC" name="test_customer_blocked_on_kpis" time="0.688" /><testcase classname="tests.test_assignments_bloque_c" name="test_nearest_finds_available_rider" time="1.392" /><testcase classname="tests.test_assignments_bloque_c" name="test_nearest_requires_admin_or_business" time="0.753" /><testcase classname="tests.test_assignments_bloque_c" name="test_assign_nearest_and_history" time="0.722" /><testcase classname="tests.test_assignments_bloque_c" name="test_assign_nearest_forbidden_for_customer" time="0.305" /><testcase classname="tests.test_assignments_bloque_c" name="test_assign_nearest_404_unknown_order" time="0.135" /><testcase classname="tests.test_assignments_bloque_c" name="test_ops_orders_lists_pending" time="0.366" /><testcase classname="tests.test_assignments_bloque_c" name="test_ops_orders_requires_admin" time="0.123" /><testcase classname="tests.test_assignments_bloque_c" name="test_history_export_csv" time="0.142" /><testcase classname="tests.test_auto_assign" name="test_express_order_auto_dispatches_to_nearest" time="1.667" /><testcase classname="tests.test_bloque_a_cities_delivery.TestPublicCities" name="test_public_cities_no_auth" time="0.125" /><testcase classname="tests.test_bloque_a_cities_delivery.TestPublicCities" name="test_cities_requires_auth" time="0.110" /><testcase classname="tests.test_bloque_a_cities_delivery.TestPublicCities" name="test_cities_authenticated" time="0.467" /><testcase classname="tests.test_bloque_a_cities_delivery.TestDeliveryQuote" name="test_motorcycle_eur" time="0.060" /><testcase classname="tests.test_bloque_a_cities_delivery.TestDeliveryQuote" name="test_car_eur" time="0.048" /><testcase classname="tests.test_bloque_a_cities_delivery.TestDeliveryQuote" name="test_bicycle_eur" time="0.045" /><testcase classname="tests.test_bloque_a_cities_delivery.TestDeliveryQuote" name="test_mad_conversion" time="0.094" /><testcase classname="tests.test_bloque_a_cities_delivery.TestExpressOrder" name="test_customer_creates_express" time="0.208" /><testcase classname="tests.test_bloque_a_cities_delivery.TestExpressOrder" name="test_admin_cannot_create_order" time="0.403" /><testcase classname="tests.test_bloque_a_cities_delivery.TestExpressOrder" name="test_unauthenticated_cannot_create" time="0.100" /><testcase classname="tests.test_bloque_a_cities_delivery.TestAdminCityCRUD" name="test_non_admin_cannot_create" time="0.111" /><testcase classname="tests.test_bloque_a_cities_delivery.TestAdminCityCRUD" name="test_admin_create_update_delete_city" time="0.856" /><testcase classname="tests.test_bloque_a_cities_delivery.TestAdminCityCRUD" name="test_non_admin_cannot_delete" time="0.117" /><testcase classname="tests.test_customer_password_reset" name="test_forgot_password_customer_creates_token" time="0.122" /><testcase classname="tests.test_customer_password_reset" name="test_forgot_password_unknown_email_no_token" time="0.092" /><testcase classname="tests.test_customer_password_reset" name="test_reset_link_routes_by_role_in_source" time="0.000" /><testcase classname="tests.test_customer_password_reset" name="test_reset_password_customer_full_flow" time="1.177" /><testcase classname="tests.test_customer_password_reset" name="test_forgot_password_admin_regression" time="0.046" /><testcase classname="tests.test_customer_password_reset" name="test_customer_login_regression" time="0.282" /><testcase classname="tests.test_customer_password_reset" name="test_reset_invalid_token" time="0.044" /><testcase classname="tests.test_customer_password_reset" name="test_zz_cleanup" time="0.002" /><testcase classname="tests.test_email_resend" name="test_email_status_founder" time="0.432" /><testcase classname="tests.test_email_resend" name="test_email_test_requires_config" time="0.593" /><testcase classname="tests.test_email_resend" name="test_email_status_blocked_for_customer" time="0.682" /><testcase classname="tests.test_email_resend" name="test_email_test_validates_recipient" time="0.436" /><testcase classname="tests.test_finances_accounting" name="test_cash_in_out_and_balance" time="0.739" /><testcase classname="tests.test_finances_accounting" name="test_daily_closing" time="0.105" /><testcase classname="tests.test_finances_accounting" name="test_manual_transaction_and_summary" time="0.344" /><testcase classname="tests.test_finances_accounting" name="test_export_transactions_csv" time="0.103" /><testcase classname="tests.test_finances_accounting" name="test_invalid_transaction_type_rejected" time="0.111" /><testcase classname="tests.test_finances_accounting" name="test_delivery_income_payroll_and_payout" time="2.267" /><testcase classname="tests.test_finances_accounting" name="test_accounting_requires_admin[/accounting/transactions]" time="0.114" /><testcase classname="tests.test_finances_accounting" name="test_accounting_requires_admin[/accounting/cash/balance]" time="0.113" /><testcase classname="tests.test_finances_accounting" name="test_accounting_requires_admin[/accounting/payroll]" time="0.113" /><testcase classname="tests.test_finances_accounting" name="test_accounting_requires_admin[/admin/finances/summary]" time="0.143" /><testcase classname="tests.test_kpis" name="test_kpis_contract" time="0.477" /><testcase classname="tests.test_kpis" name="test_kpis_requires_admin" time="0.448" /><testcase classname="tests.test_login_lockout_security" name="test_login_lockout_triggers_through_public_url" time="0.704" /><testcase classname="tests.test_nubo_features.TestSmartSearch" name="test_smart_search_hambre" time="1.196" /><testcase classname="tests.test_nubo_features.TestSmartSearch" name="test_smart_search_empty_query_400" time="0.046" /><testcase classname="tests.test_nubo_features.TestSmartSearch" name="test_smart_search_courier" time="0.868" /><testcase classname="tests.test_nubo_features.TestAdminEndpoints" name="test_admin_stats_with_admin" time="0.434" /><testcase classname="tests.test_nubo_features.TestAdminEndpoints" name="test_admin_active_drivers_with_admin" time="0.050" /><testcase classname="tests.test_nubo_features.TestAdminEndpoints" name="test_admin_stats_no_auth_returns_403" time="0.046" /><testcase classname="tests.test_nubo_features.TestAdminEndpoints" name="test_admin_stats_customer_token_returns_403" time="0.343" /><testcase classname="tests.test_nubo_features.TestAdminEndpoints" name="test_admin_active_drivers_no_auth_returns_403" time="0.045" /><testcase classname="tests.test_nubo_features.TestAdminEndpoints" name="test_admin_active_drivers_customer_token_returns_403" time="0.044" /><testcase classname="tests.test_nubo_features.TestRegisterGuard" name="test_register_admin_role_rejected" time="0.045" /><testcase classname="tests.test_public_tracking" name="test_tracking_not_found_returns_404" time="0.111" /><testcase classname="tests.test_public_tracking" name="test_tracking_does_not_require_auth" time="0.548" /><testcase classname="tests.test_public_tracking" name="test_tracking_returns_full_payload" time="0.140" /><testcase classname="tests.test_public_tracking" name="test_tracking_response_excludes_mongo_id" time="0.105" /><testcase classname="tests.test_rbac_roles" name="test_founder_creates_and_lists_manager" time="1.413" /><testcase classname="tests.test_rbac_roles" name="test_duplicate_manager_email_rejected" time="0.109" /><testcase classname="tests.test_rbac_roles" name="test_manager_can_access_operations[/admin/ops/orders]" time="0.142" /><testcase classname="tests.test_rbac_roles" name="test_manager_can_access_operations[/admin/stats]" time="0.109" /><testcase classname="tests.test_rbac_roles" name="test_manager_can_access_operations[/admin/active-drivers]" time="0.101" /><testcase classname="tests.test_rbac_roles" name="test_manager_can_access_operations[/admin/assignment-history]" time="0.105" /><testcase classname="tests.test_rbac_roles" name="test_manager_blocked_from_finance_and_admin[/admin/kpis]" time="0.106" /><testcase classname="tests.test_rbac_roles" name="test_manager_blocked_from_finance_and_admin[/accounting/transactions/summary]" time="0.112" /><testcase classname="tests.test_rbac_roles" name="test_manager_blocked_from_finance_and_admin[/admin/finances/summary]" time="0.101" /><testcase classname="tests.test_rbac_roles" name="test_manager_blocked_from_finance_and_admin[/accounting/cash/balance]" time="0.123" /><testcase classname="tests.test_rbac_roles" name="test_manager_blocked_from_finance_and_admin[/admin/managers]" time="0.106" /><testcase classname="tests.test_rbac_roles" name="test_manager_can_manage_own_riders_but_not_managers" time="0.239" /><testcase classname="tests.test_rbac_roles" name="test_manager_can_dispatch" time="0.101" /><testcase classname="tests.test_rbac_roles" name="test_customer_cannot_create_managers" time="0.639" /><testcase classname="tests.test_rbac_roles" name="test_delete_manager" time="0.587" /><testcase classname="tests.test_regional_multitenant.TestRegionsCRUD" name="test_admin_create_region" time="0.438" /><testcase classname="tests.test_regional_multitenant.TestRegionsCRUD" name="test_admin_create_region_b" time="0.050" /><testcase classname="tests.test_regional_multitenant.TestRegionsCRUD" name="test_admin_list_regions" time="0.057" /><testcase classname="tests.test_regional_multitenant.TestRegionsCRUD" name="test_customer_cannot_list_regions" time="0.378" /><testcase classname="tests.test_regional_multitenant.TestManagerRBAC" name="test_admin_create_manager" time="0.272" /><testcase classname="tests.test_regional_multitenant.TestManagerRBAC" name="test_admin_create_manager_b" time="0.286" /><testcase classname="tests.test_regional_multitenant.TestManagerRBAC" name="test_manager_login" time="0.276" /><testcase classname="tests.test_regional_multitenant.TestManagerRBAC" name="test_manager_login_b" time="0.274" /><testcase classname="tests.test_regional_multitenant.TestManagerRBAC" name="test_manager_403_kpis" time="0.048" /><testcase classname="tests.test_regional_multitenant.TestManagerRBAC" name="test_manager_403_regions_list" time="0.048" /><testcase classname="tests.test_regional_multitenant.TestManagerRBAC" name="test_manager_403_create_manager" time="0.045" /><testcase classname="tests.test_regional_multitenant.TestManagerRBAC" name="test_manager_regions_mine" time="0.056" /><testcase classname="tests.test_regional_multitenant.TestManagerRBAC" name="test_admin_regions_mine" time="0.045" /><testcase classname="tests.test_regional_multitenant.TestRidersScoped" name="test_admin_create_rider_in_region_a" time="0.050" /><testcase classname="tests.test_regional_multitenant.TestRidersScoped" name="test_admin_create_rider_in_region_b" time="0.050" /><testcase classname="tests.test_regional_multitenant.TestRidersScoped" name="test_manager_a_sees_only_region_a_riders" time="0.045" /><testcase classname="tests.test_regional_multitenant.TestRidersScoped" name="test_admin_regenerate_code" time="0.052" /><testcase classname="tests.test_regional_multitenant.TestRidersScoped" name="test_manager_b_cannot_regenerate_other_region_rider" time="0.048" /><testcase classname="tests.test_regional_multitenant.TestRidersScoped" name="test_manager_a_can_regenerate_own_region_rider" time="0.050" /><testcase classname="tests.test_regional_multitenant.TestPasswordReset" name="test_forgot_password_customer_creates_token" time="0.055" /><testcase classname="tests.test_regional_multitenant.TestPasswordReset" name="test_forgot_password_admin_creates_token" time="0.051" /><testcase classname="tests.test_regional_multitenant.TestPasswordReset" name="test_forgot_password_unknown_email_generic" time="0.049" /><testcase classname="tests.test_regional_multitenant.TestPasswordReset" name="test_reset_password_invalid_token" time="0.057" /><testcase classname="tests.test_regional_multitenant.TestPasswordReset" name="test_reset_password_short_password" time="0.046" /><testcase classname="tests.test_regional_multitenant.TestPasswordReset" name="test_reset_password_token_one_shot" time="0.622" /><testcase classname="tests.test_regional_multitenant" name="test_zz_cleanup" time="0.006" /><testcase classname="tests.test_regression_modularization.TestAuth" name="test_register_customer_ok" time="0.411" /><testcase classname="tests.test_regression_modularization.TestAuth" name="test_register_admin_role_rejected" time="0.046" /><testcase classname="tests.test_regression_modularization.TestAuth" name="test_login_admin_ok" time="0.306" /><testcase classname="tests.test_regression_modularization.TestAuth" name="test_login_customer_ok" time="0.313" /><testcase classname="tests.test_regression_modularization.TestAuth" name="test_login_wrong_password_401" time="0.287" /><testcase classname="tests.test_regression_modularization.TestAuth" name="test_auth_me_with_admin" time="0.325" /><testcase classname="tests.test_regression_modularization.TestAuth" name="test_auth_me_no_token_403" time="0.045" /><testcase classname="tests.test_regression_modularization.TestBusinessesProducts" name="test_get_businesses_public" time="0.044" /><testcase classname="tests.test_regression_modularization.TestBusinessesProducts" name="test_get_products_for_business" time="0.046" /><testcase classname="tests.test_regression_modularization.TestBusinessesProducts" name="test_create_product_as_customer_forbidden" time="0.324" /><testcase classname="tests.test_regression_modularization.TestOrders" name="test_create_order_as_customer" time="0.094" /><testcase classname="tests.test_regression_modularization.TestOrders" name="test_get_orders_as_customer" time="0.047" /><testcase classname="tests.test_regression_modularization.TestOrders" name="test_get_orders_no_auth_403" time="0.044" /><testcase classname="tests.test_regression_modularization.TestOrders" name="test_create_order_no_auth_403" time="0.045" /><testcase classname="tests.test_regression_modularization.TestSearch" name="test_smart_search_hambre" time="0.898" /><testcase classname="tests.test_regression_modularization.TestDropshipping" name="test_get_dropshipping_products" time="0.057" /><testcase classname="tests.test_regression_modularization.TestAffiliate" name="test_get_affiliate_links" time="0.047" /><testcase classname="tests.test_regression_modularization.TestAdmin" name="test_admin_stats_ok" time="0.066" /><testcase classname="tests.test_regression_modularization.TestAdmin" name="test_admin_active_drivers_with_idle_fields" time="0.061" /><testcase classname="tests.test_regression_modularization.TestAdmin" name="test_admin_stats_customer_token_403" time="0.071" /><testcase classname="tests.test_regression_modularization.TestAdmin" name="test_admin_active_drivers_no_auth_403" time="0.044" /><testcase classname="tests.test_regression_modularization.TestAdmin" name="test_admin_active_drivers_customer_token_403" time="0.051" /><testcase classname="tests.test_riders_and_lockout.TestAdminRiderCRUD" name="test_create_rider_returns_code_and_qr" time="0.544" /><testcase classname="tests.test_riders_and_lockout.TestAdminRiderCRUD" name="test_create_rider_invalid_vehicle_400" time="0.112" /><testcase classname="tests.test_riders_and_lockout.TestAdminRiderCRUD" name="test_create_rider_non_admin_403" time="0.493" /><testcase classname="tests.test_riders_and_lockout.TestAdminRiderCRUD" name="test_list_riders_admin" time="0.121" /><testcase classname="tests.test_riders_and_lockout.TestAdminRiderCRUD" name="test_list_riders_non_admin_403" time="0.122" /><testcase classname="tests.test_riders_and_lockout.TestRiderActivation" name="test_activate_invalid_code_404" time="0.142" /><testcase classname="tests.test_riders_and_lockout.TestRiderActivation" name="test_activate_valid_code_and_use_token" time="0.450" /><testcase classname="tests.test_riders_and_lockout.TestRiderActivation" name="test_rider_me_with_admin_token_403" time="0.127" /><testcase classname="tests.test_riders_and_lockout.TestRiderLifecycle" name="test_suspend_then_activate_blocked" time="0.568" /><testcase classname="tests.test_riders_and_lockout.TestRiderLifecycle" name="test_regenerate_code_invalidates_old" time="0.320" /><testcase classname="tests.test_riders_and_lockout.TestBruteForceLockout" name="test_lockout_logic_via_localhost" time="0.025" /><testcase classname="tests.test_riders_and_lockout.TestBruteForceLockout" name="test_lockout_via_public_url_ingress_aware" time="0.355" /><testcase classname="tests.test_riders_and_lockout.TestBruteForceLockout" name="test_correct_login_before_lockout_clears_attempts" time="2.861" /><testcase classname="tests.test_stripe_mode" name="test_payments_status_founder_only" time="0.474" /><testcase classname="tests.test_stripe_mode" name="test_payments_status_blocked_for_customer" time="0.536" /><testcase classname="tests.test_stripe_mode" name="test_stripe_key_resolution_prefers_live" time="0.005" /></testsuite></testsuites>