<?xml version="1.0" encoding="utf-8"?><testsuites name="pytest tests"><testsuite name="pytest" errors="0" failures="0" skipped="0" tests="5" time="4.153" timestamp="2026-06-22T22:47:50.262891+00:00" hostname="agent-env-d35b2b25-2a44-400f-8d33-d0ce05ac738e"><testcase classname="backend.tests.test_iter15_logistics_quote.TestHealth" name="test_public_cities_ok" time="0.237" /><testcase classname="backend.tests.test_iter15_logistics_quote.TestAdminIdentity" name="test_admin_login_and_phone" time="0.715" /><testcase classname="backend.tests.test_iter15_logistics_quote.TestLogisticsQuoteFlow" name="test_full_flow" time="2.987" /><testcase classname="backend.tests.test_iter15_logistics_quote.TestLogisticsQuoteFlow" name="test_set_price_on_nonexistent_order_404" time="0.118" /><testcase classname="backend.tests.test_iter15_logistics_quote.TestWhatsAppDegradation" name="test_whatsapp_service_not_configured" time="0.001" /></testsuite></testsuites>