<?xml version="1.0" encoding="utf-8"?><testsuites name="pytest tests"><testsuite name="pytest" errors="0" failures="0" skipped="0" tests="7" time="13.018" timestamp="2026-06-20T23:03:30.106137+00:00" hostname="agent-env-d35b2b25-2a44-400f-8d33-d0ce05ac738e"><testcase classname="tests.test_nubo_ride" name="test_estimate_returns_three_tiers" time="1.298" /><testcase classname="tests.test_nubo_ride" name="test_full_ride_lifecycle" time="5.882" /><testcase classname="tests.test_nubo_ride" name="test_request_requires_customer" time="0.235" /><testcase classname="tests.test_nubo_ride" name="test_accept_requires_driver" time="0.207" /><testcase classname="tests.test_nubo_ride" name="test_customer_cancel" time="1.511" /><testcase classname="tests.test_nubo_ride" name="test_no_duplicate_active_ride" time="1.970" /><testcase classname="tests.test_nubo_ride" name="test_admin_sees_active_rides" time="1.865" /></testsuite></testsuites>