<?xml version="1.0" encoding="utf-8"?><testsuites name="pytest tests"><testsuite name="pytest" errors="0" failures="0" skipped="0" tests="26" time="3.973" timestamp="2026-06-20T05:07:59.873657+00:00" hostname="agent-env-d35b2b25-2a44-400f-8d33-d0ce05ac738e"><testcase classname="tests.test_regional_multitenant.TestRegionsCRUD" name="test_admin_create_region" time="0.532" /><testcase classname="tests.test_regional_multitenant.TestRegionsCRUD" name="test_admin_create_region_b" time="0.046" /><testcase classname="tests.test_regional_multitenant.TestRegionsCRUD" name="test_admin_list_regions" time="0.088" /><testcase classname="tests.test_regional_multitenant.TestRegionsCRUD" name="test_customer_cannot_list_regions" time="0.377" /><testcase classname="tests.test_regional_multitenant.TestManagerRBAC" name="test_admin_create_manager" time="0.278" /><testcase classname="tests.test_regional_multitenant.TestManagerRBAC" name="test_admin_create_manager_b" time="0.294" /><testcase classname="tests.test_regional_multitenant.TestManagerRBAC" name="test_manager_login" time="0.310" /><testcase classname="tests.test_regional_multitenant.TestManagerRBAC" name="test_manager_login_b" time="0.295" /><testcase classname="tests.test_regional_multitenant.TestManagerRBAC" name="test_manager_403_kpis" time="0.045" /><testcase classname="tests.test_regional_multitenant.TestManagerRBAC" name="test_manager_403_regions_list" time="0.043" /><testcase classname="tests.test_regional_multitenant.TestManagerRBAC" name="test_manager_403_create_manager" time="0.042" /><testcase classname="tests.test_regional_multitenant.TestManagerRBAC" name="test_manager_regions_mine" time="0.055" /><testcase classname="tests.test_regional_multitenant.TestManagerRBAC" name="test_admin_regions_mine" time="0.042" /><testcase classname="tests.test_regional_multitenant.TestRidersScoped" name="test_admin_create_rider_in_region_a" time="0.200" /><testcase classname="tests.test_regional_multitenant.TestRidersScoped" name="test_admin_create_rider_in_region_b" time="0.048" /><testcase classname="tests.test_regional_multitenant.TestRidersScoped" name="test_manager_a_sees_only_region_a_riders" time="0.046" /><testcase classname="tests.test_regional_multitenant.TestRidersScoped" name="test_admin_regenerate_code" time="0.048" /><testcase classname="tests.test_regional_multitenant.TestRidersScoped" name="test_manager_b_cannot_regenerate_other_region_rider" time="0.045" /><testcase classname="tests.test_regional_multitenant.TestRidersScoped" name="test_manager_a_can_regenerate_own_region_rider" time="0.044" /><testcase classname="tests.test_regional_multitenant.TestPasswordReset" name="test_forgot_password_customer_no_token" time="0.115" /><testcase classname="tests.test_regional_multitenant.TestPasswordReset" name="test_forgot_password_admin_creates_token" time="0.048" /><testcase classname="tests.test_regional_multitenant.TestPasswordReset" name="test_forgot_password_unknown_email_generic" time="0.044" /><testcase classname="tests.test_regional_multitenant.TestPasswordReset" name="test_reset_password_invalid_token" time="0.042" /><testcase classname="tests.test_regional_multitenant.TestPasswordReset" name="test_reset_password_short_password" time="0.082" /><testcase classname="tests.test_regional_multitenant.TestPasswordReset" name="test_reset_password_token_one_shot" time="0.625" /><testcase classname="tests.test_regional_multitenant" name="test_zz_cleanup" time="0.011" /></testsuite></testsuites>