<?xml version="1.0" encoding="utf-8"?><testsuites name="pytest tests"><testsuite name="pytest" errors="0" failures="0" skipped="0" tests="12" time="9.899" timestamp="2026-06-22T02:41:59.495633+00:00" hostname="agent-env-d35b2b25-2a44-400f-8d33-d0ce05ac738e"><testcase classname="backend.tests.test_iter14_regression.TestAdminKpis" name="test_admin_kpis_structure" time="2.155" /><testcase classname="backend.tests.test_iter14_regression.TestAdminKpis" name="test_admin_kpis_forbidden_for_customer" time="0.904" /><testcase classname="backend.tests.test_iter14_regression.TestActiveDrivers" name="test_active_drivers_structure" time="0.469" /><testcase classname="backend.tests.test_iter14_regression.TestMyRegionKpis" name="test_my_region_kpis_for_founder" time="0.267" /><testcase classname="backend.tests.test_iter14_regression.TestNuboCar" name="test_estimate_returns_three_options" time="0.210" /><testcase classname="backend.tests.test_iter14_regression.TestNuboCar" name="test_request_active_and_cancel" time="2.025" /><testcase classname="backend.tests.test_iter14_regression.TestNuboCar" name="test_invalid_vehicle_type_rejected" time="0.256" /><testcase classname="backend.tests.test_iter14_regression.TestNuboCarRbac" name="test_customer_cannot_accept" time="0.246" /><testcase classname="backend.tests.test_iter14_regression.TestSmartSearch" name="test_smart_search_returns_categories" time="1.808" /><testcase classname="backend.tests.test_iter14_regression.TestAuthBasics" name="test_admin_login_ok" time="0.704" /><testcase classname="backend.tests.test_iter14_regression.TestAuthBasics" name="test_customer_login_ok" time="0.651" /><testcase classname="backend.tests.test_iter14_regression.TestAuthBasics" name="test_admin_endpoint_rejects_anonymous" time="0.126" /></testsuite></testsuites>