<?xml version="1.0" encoding="utf-8"?><testsuites name="pytest tests"><testsuite name="pytest" errors="0" failures="0" skipped="0" tests="45" time="9.537" timestamp="2026-06-18T14:11:28.031674+00:00" hostname="agent-env-d35b2b25-2a44-400f-8d33-d0ce05ac738e"><testcase classname="tests.test_bloque_a_cities_delivery.TestPublicCities" name="test_public_cities_no_auth" time="0.161" /><testcase classname="tests.test_bloque_a_cities_delivery.TestPublicCities" name="test_cities_requires_auth" time="0.104" /><testcase classname="tests.test_bloque_a_cities_delivery.TestPublicCities" name="test_cities_authenticated" time="0.389" /><testcase classname="tests.test_bloque_a_cities_delivery.TestDeliveryQuote" name="test_motorcycle_eur" time="0.056" /><testcase classname="tests.test_bloque_a_cities_delivery.TestDeliveryQuote" name="test_car_eur" time="0.053" /><testcase classname="tests.test_bloque_a_cities_delivery.TestDeliveryQuote" name="test_bicycle_eur" time="0.047" /><testcase classname="tests.test_bloque_a_cities_delivery.TestDeliveryQuote" name="test_mad_conversion" time="0.102" /><testcase classname="tests.test_bloque_a_cities_delivery.TestExpressOrder" name="test_customer_creates_express" time="0.229" /><testcase classname="tests.test_bloque_a_cities_delivery.TestExpressOrder" name="test_admin_cannot_create_order" time="0.405" /><testcase classname="tests.test_bloque_a_cities_delivery.TestExpressOrder" name="test_unauthenticated_cannot_create" time="0.103" /><testcase classname="tests.test_bloque_a_cities_delivery.TestAdminCityCRUD" name="test_non_admin_cannot_create" time="0.165" /><testcase classname="tests.test_bloque_a_cities_delivery.TestAdminCityCRUD" name="test_admin_create_update_delete_city" time="0.822" /><testcase classname="tests.test_bloque_a_cities_delivery.TestAdminCityCRUD" name="test_non_admin_cannot_delete" time="0.138" /><testcase classname="tests.test_nubo_features.TestSmartSearch" name="test_smart_search_hambre" time="1.242" /><testcase classname="tests.test_nubo_features.TestSmartSearch" name="test_smart_search_empty_query_400" time="0.042" /><testcase classname="tests.test_nubo_features.TestSmartSearch" name="test_smart_search_courier" time="0.868" /><testcase classname="tests.test_nubo_features.TestAdminEndpoints" name="test_admin_stats_with_admin" time="0.318" /><testcase classname="tests.test_nubo_features.TestAdminEndpoints" name="test_admin_active_drivers_with_admin" time="0.046" /><testcase classname="tests.test_nubo_features.TestAdminEndpoints" name="test_admin_stats_no_auth_returns_403" time="0.044" /><testcase classname="tests.test_nubo_features.TestAdminEndpoints" name="test_admin_stats_customer_token_returns_403" time="0.317" /><testcase classname="tests.test_nubo_features.TestAdminEndpoints" name="test_admin_active_drivers_no_auth_returns_403" time="0.047" /><testcase classname="tests.test_nubo_features.TestAdminEndpoints" name="test_admin_active_drivers_customer_token_returns_403" time="0.047" /><testcase classname="tests.test_nubo_features.TestRegisterGuard" name="test_register_admin_role_rejected" time="0.053" /><testcase classname="tests.test_regression_modularization.TestAuth" name="test_register_customer_ok" time="0.367" /><testcase classname="tests.test_regression_modularization.TestAuth" name="test_register_admin_role_rejected" time="0.050" /><testcase classname="tests.test_regression_modularization.TestAuth" name="test_login_admin_ok" time="0.268" /><testcase classname="tests.test_regression_modularization.TestAuth" name="test_login_customer_ok" time="0.273" /><testcase classname="tests.test_regression_modularization.TestAuth" name="test_login_wrong_password_401" time="0.282" /><testcase classname="tests.test_regression_modularization.TestAuth" name="test_auth_me_with_admin" time="0.320" /><testcase classname="tests.test_regression_modularization.TestAuth" name="test_auth_me_no_token_403" time="0.045" /><testcase classname="tests.test_regression_modularization.TestBusinessesProducts" name="test_get_businesses_public" time="0.054" /><testcase classname="tests.test_regression_modularization.TestBusinessesProducts" name="test_get_products_for_business" time="0.051" /><testcase classname="tests.test_regression_modularization.TestBusinessesProducts" name="test_create_product_as_customer_forbidden" time="0.352" /><testcase classname="tests.test_regression_modularization.TestOrders" name="test_create_order_as_customer" time="0.096" /><testcase classname="tests.test_regression_modularization.TestOrders" name="test_get_orders_as_customer" time="0.047" /><testcase classname="tests.test_regression_modularization.TestOrders" name="test_get_orders_no_auth_403" time="0.046" /><testcase classname="tests.test_regression_modularization.TestOrders" name="test_create_order_no_auth_403" time="0.048" /><testcase classname="tests.test_regression_modularization.TestSearch" name="test_smart_search_hambre" time="1.024" /><testcase classname="tests.test_regression_modularization.TestDropshipping" name="test_get_dropshipping_products" time="0.047" /><testcase classname="tests.test_regression_modularization.TestAffiliate" name="test_get_affiliate_links" time="0.047" /><testcase classname="tests.test_regression_modularization.TestAdmin" name="test_admin_stats_ok" time="0.049" /><testcase classname="tests.test_regression_modularization.TestAdmin" name="test_admin_active_drivers_with_idle_fields" time="0.050" /><testcase classname="tests.test_regression_modularization.TestAdmin" name="test_admin_stats_customer_token_403" time="0.051" /><testcase classname="tests.test_regression_modularization.TestAdmin" name="test_admin_active_drivers_no_auth_403" time="0.043" /><testcase classname="tests.test_regression_modularization.TestAdmin" name="test_admin_active_drivers_customer_token_403" time="0.050" /></testsuite></testsuites>