<?xml version="1.0" encoding="utf-8"?><testsuites name="pytest tests"><testsuite name="pytest" errors="0" failures="0" skipped="0" tests="32" time="6.535" timestamp="2026-06-18T12:25:33.065246+00:00" hostname="agent-env-d35b2b25-2a44-400f-8d33-d0ce05ac738e"><testcase classname="backend.tests.test_nubo_features.TestSmartSearch" name="test_smart_search_hambre" time="1.280" /><testcase classname="backend.tests.test_nubo_features.TestSmartSearch" name="test_smart_search_empty_query_400" time="0.049" /><testcase classname="backend.tests.test_nubo_features.TestSmartSearch" name="test_smart_search_courier" time="0.842" /><testcase classname="backend.tests.test_nubo_features.TestAdminEndpoints" name="test_admin_stats_with_admin" time="0.325" /><testcase classname="backend.tests.test_nubo_features.TestAdminEndpoints" name="test_admin_active_drivers_with_admin" time="0.046" /><testcase classname="backend.tests.test_nubo_features.TestAdminEndpoints" name="test_admin_stats_no_auth_returns_403" time="0.045" /><testcase classname="backend.tests.test_nubo_features.TestAdminEndpoints" name="test_admin_stats_customer_token_returns_403" time="0.318" /><testcase classname="backend.tests.test_nubo_features.TestAdminEndpoints" name="test_admin_active_drivers_no_auth_returns_403" time="0.043" /><testcase classname="backend.tests.test_nubo_features.TestAdminEndpoints" name="test_admin_active_drivers_customer_token_returns_403" time="0.043" /><testcase classname="backend.tests.test_nubo_features.TestRegisterGuard" name="test_register_admin_role_rejected" time="0.042" /><testcase classname="backend.tests.test_regression_modularization.TestAuth" name="test_register_customer_ok" time="0.329" /><testcase classname="backend.tests.test_regression_modularization.TestAuth" name="test_register_admin_role_rejected" time="0.051" /><testcase classname="backend.tests.test_regression_modularization.TestAuth" name="test_login_admin_ok" time="0.268" /><testcase classname="backend.tests.test_regression_modularization.TestAuth" name="test_login_customer_ok" time="0.268" /><testcase classname="backend.tests.test_regression_modularization.TestAuth" name="test_login_wrong_password_401" time="0.291" /><testcase classname="backend.tests.test_regression_modularization.TestAuth" name="test_auth_me_with_admin" time="0.311" /><testcase classname="backend.tests.test_regression_modularization.TestAuth" name="test_auth_me_no_token_403" time="0.048" /><testcase classname="backend.tests.test_regression_modularization.TestBusinessesProducts" name="test_get_businesses_public" time="0.046" /><testcase classname="backend.tests.test_regression_modularization.TestBusinessesProducts" name="test_get_products_for_business" time="0.045" /><testcase classname="backend.tests.test_regression_modularization.TestBusinessesProducts" name="test_create_product_as_customer_forbidden" time="0.315" /><testcase classname="backend.tests.test_regression_modularization.TestOrders" name="test_create_order_as_customer" time="0.100" /><testcase classname="backend.tests.test_regression_modularization.TestOrders" name="test_get_orders_as_customer" time="0.045" /><testcase classname="backend.tests.test_regression_modularization.TestOrders" name="test_get_orders_no_auth_403" time="0.045" /><testcase classname="backend.tests.test_regression_modularization.TestOrders" name="test_create_order_no_auth_403" time="0.044" /><testcase classname="backend.tests.test_regression_modularization.TestSearch" name="test_smart_search_hambre" time="0.897" /><testcase classname="backend.tests.test_regression_modularization.TestDropshipping" name="test_get_dropshipping_products" time="0.045" /><testcase classname="backend.tests.test_regression_modularization.TestAffiliate" name="test_get_affiliate_links" time="0.046" /><testcase classname="backend.tests.test_regression_modularization.TestAdmin" name="test_admin_stats_ok" time="0.046" /><testcase classname="backend.tests.test_regression_modularization.TestAdmin" name="test_admin_active_drivers_with_idle_fields" time="0.044" /><testcase classname="backend.tests.test_regression_modularization.TestAdmin" name="test_admin_stats_customer_token_403" time="0.045" /><testcase classname="backend.tests.test_regression_modularization.TestAdmin" name="test_admin_active_drivers_no_auth_403" time="0.043" /><testcase classname="backend.tests.test_regression_modularization.TestAdmin" name="test_admin_active_drivers_customer_token_403" time="0.049" /></testsuite></testsuites>